staring prediction
Requirement already satisfied: torch in /opt/miniconda/lib/python3.10/site-packages (2.0.1)
Requirement already satisfied: nvidia-cufft-cu11==10.9.0.58 in /opt/miniconda/lib/python3.10/site-packages (from torch) (10.9.0.58)
Requirement already satisfied: nvidia-cusparse-cu11==11.7.4.91 in /opt/miniconda/lib/python3.10/site-packages (from torch) (11.7.4.91)
Requirement already satisfied: sympy in /opt/miniconda/lib/python3.10/site-packages (from torch) (1.12)
Requirement already satisfied: nvidia-cudnn-cu11==8.5.0.96 in /opt/miniconda/lib/python3.10/site-packages (from torch) (8.5.0.96)
Requirement already satisfied: networkx in /opt/miniconda/lib/python3.10/site-packages (from torch) (3.1)
Requirement already satisfied: nvidia-cuda-nvrtc-cu11==11.7.99 in /opt/miniconda/lib/python3.10/site-packages (from torch) (11.7.99)
Requirement already satisfied: nvidia-cuda-runtime-cu11==11.7.99 in /opt/miniconda/lib/python3.10/site-packages (from torch) (11.7.99)
Requirement already satisfied: nvidia-cublas-cu11==11.10.3.66 in /opt/miniconda/lib/python3.10/site-packages (from torch) (11.10.3.66)
Requirement already satisfied: jinja2 in /opt/miniconda/lib/python3.10/site-packages (from torch) (3.1.2)
Requirement already satisfied: nvidia-cusolver-cu11==11.4.0.1 in /opt/miniconda/lib/python3.10/site-packages (from torch) (11.4.0.1)
Requirement already satisfied: nvidia-cuda-cupti-cu11==11.7.101 in /opt/miniconda/lib/python3.10/site-packages (from torch) (11.7.101)
Requirement already satisfied: nvidia-curand-cu11==10.2.10.91 in /opt/miniconda/lib/python3.10/site-packages (from torch) (10.2.10.91)
Requirement already satisfied: nvidia-nccl-cu11==2.14.3 in /opt/miniconda/lib/python3.10/site-packages (from torch) (2.14.3)
Requirement already satisfied: filelock in /home/u131168/.local/lib/python3.10/site-packages (from torch) (3.12.4)
Requirement already satisfied: nvidia-nvtx-cu11==11.7.91 in /opt/miniconda/lib/python3.10/site-packages (from torch) (11.7.91)
Requirement already satisfied: triton==2.0.0 in /opt/miniconda/lib/python3.10/site-packages (from torch) (2.0.0)
Requirement already satisfied: typing-extensions in /home/u131168/.local/lib/python3.10/site-packages (from torch) (4.8.0)
Requirement already satisfied: setuptools in /opt/miniconda/lib/python3.10/site-packages (from nvidia-cublas-cu11==11.10.3.66->torch) (65.6.3)
Requirement already satisfied: wheel in /opt/miniconda/lib/python3.10/site-packages (from nvidia-cublas-cu11==11.10.3.66->torch) (0.38.4)
Requirement already satisfied: cmake in /opt/miniconda/lib/python3.10/site-packages (from triton==2.0.0->torch) (3.27.5)
Requirement already satisfied: lit in /opt/miniconda/lib/python3.10/site-packages (from triton==2.0.0->torch) (16.0.6)
Requirement already satisfied: MarkupSafe>=2.0 in /opt/miniconda/lib/python3.10/site-packages (from jinja2->torch) (2.1.1)
Requirement already satisfied: mpmath>=0.19 in /opt/miniconda/lib/python3.10/site-packages (from sympy->torch) (1.3.0)
Requirement already satisfied: transformers in /opt/miniconda/lib/python3.10/site-packages (4.33.2)
Requirement already satisfied: packaging>=20.0 in /opt/miniconda/lib/python3.10/site-packages (from transformers) (23.0)
Requirement already satisfied: tqdm>=4.27 in /opt/miniconda/lib/python3.10/site-packages (from transformers) (4.65.0)
Requirement already satisfied: filelock in /home/u131168/.local/lib/python3.10/site-packages (from transformers) (3.12.4)
Requirement already satisfied: regex!=2019.12.17 in /home/u131168/.local/lib/python3.10/site-packages (from transformers) (2023.8.8)
Requirement already satisfied: pyyaml>=5.1 in /home/u131168/.local/lib/python3.10/site-packages (from transformers) (6.0.1)
Requirement already satisfied: tokenizers!=0.11.3,<0.14,>=0.11.1 in /home/u131168/.local/lib/python3.10/site-packages (from transformers) (0.13.3)
Requirement already satisfied: safetensors>=0.3.1 in /home/u131168/.local/lib/python3.10/site-packages (from transformers) (0.3.3)
Requirement already satisfied: requests in /opt/miniconda/lib/python3.10/site-packages (from transformers) (2.28.1)
Requirement already satisfied: numpy>=1.17 in /home/u131168/.local/lib/python3.10/site-packages (from transformers) (1.26.0)
Requirement already satisfied: huggingface-hub<1.0,>=0.15.1 in /home/u131168/.local/lib/python3.10/site-packages (from transformers) (0.17.2)
Requirement already satisfied: fsspec in /home/u131168/.local/lib/python3.10/site-packages (from huggingface-hub<1.0,>=0.15.1->transformers) (2023.6.0)
Requirement already satisfied: typing-extensions>=3.7.4.3 in /home/u131168/.local/lib/python3.10/site-packages (from huggingface-hub<1.0,>=0.15.1->transformers) (4.8.0)
Requirement already satisfied: idna<4,>=2.5 in /opt/miniconda/lib/python3.10/site-packages (from requests->transformers) (3.4)
Requirement already satisfied: certifi>=2017.4.17 in /opt/miniconda/lib/python3.10/site-packages (from requests->transformers) (2023.5.7)
Requirement already satisfied: charset-normalizer<3,>=2 in /opt/miniconda/lib/python3.10/site-packages (from requests->transformers) (2.0.4)
Requirement already satisfied: urllib3<1.27,>=1.21.1 in /opt/miniconda/lib/python3.10/site-packages (from requests->transformers) (1.26.15)
Loading checkpoint shards:   0%|          | 0/2 [00:00<?, ?it/s]Loading checkpoint shards:  50%|█████     | 1/2 [00:04<00:04,  4.88s/it]Loading checkpoint shards: 100%|██████████| 2/2 [00:05<00:00,  2.64s/it]Loading checkpoint shards: 100%|██████████| 2/2 [00:05<00:00,  2.97s/it]
-------------wrote 20000 to 20020 preds
-------------wrote 20020 to 20040 preds
-------------wrote 20040 to 20060 preds
-------------wrote 20060 to 20080 preds
-------------wrote 20080 to 20100 preds
-------------wrote 20100 to 20120 preds
-------------wrote 20120 to 20140 preds
-------------wrote 20140 to 20160 preds
-------------wrote 20160 to 20180 preds
-------------wrote 20180 to 20200 preds
-------------wrote 20200 to 20220 preds
-------------wrote 20220 to 20240 preds
-------------wrote 20240 to 20260 preds
-------------wrote 20260 to 20280 preds
-------------wrote 20280 to 20300 preds
-------------wrote 20300 to 20320 preds
-------------wrote 20320 to 20340 preds
-------------wrote 20340 to 20360 preds
-------------wrote 20360 to 20380 preds
-------------wrote 20380 to 20400 preds
-------------wrote 20400 to 20420 preds
-------------wrote 20420 to 20440 preds
-------------wrote 20440 to 20460 preds
-------------wrote 20460 to 20480 preds
-------------wrote 20480 to 20500 preds
-------------wrote 20500 to 20520 preds
-------------wrote 20520 to 20540 preds
-------------wrote 20540 to 20560 preds
-------------wrote 20560 to 20580 preds
-------------wrote 20580 to 20600 preds
-------------wrote 20600 to 20620 preds
-------------wrote 20620 to 20640 preds
-------------wrote 20640 to 20660 preds
-------------wrote 20660 to 20680 preds
-------------wrote 20680 to 20700 preds
-------------wrote 20700 to 20720 preds
-------------wrote 20720 to 20740 preds
-------------wrote 20740 to 20760 preds
-------------wrote 20760 to 20780 preds
-------------wrote 20780 to 20800 preds
-------------wrote 20800 to 20820 preds
-------------wrote 20820 to 20840 preds
-------------wrote 20840 to 20860 preds
-------------wrote 20860 to 20880 preds
-------------wrote 20880 to 20900 preds
-------------wrote 20900 to 20920 preds
-------------wrote 20920 to 20940 preds
-------------wrote 20940 to 20960 preds
-------------wrote 20960 to 20980 preds
-------------wrote 20980 to 21000 preds
-------------wrote 21000 to 21020 preds
-------------wrote 21020 to 21040 preds
-------------wrote 21040 to 21060 preds
-------------wrote 21060 to 21080 preds
-------------wrote 21080 to 21100 preds
-------------wrote 21100 to 21120 preds
-------------wrote 21120 to 21140 preds
-------------wrote 21140 to 21160 preds
-------------wrote 21160 to 21180 preds
-------------wrote 21180 to 21200 preds
-------------wrote 21200 to 21220 preds
-------------wrote 21220 to 21240 preds
-------------wrote 21240 to 21260 preds
-------------wrote 21260 to 21280 preds
-------------wrote 21280 to 21300 preds
-------------wrote 21300 to 21320 preds
-------------wrote 21320 to 21340 preds
-------------wrote 21340 to 21360 preds
-------------wrote 21360 to 21380 preds
-------------wrote 21380 to 21400 preds
-------------wrote 21400 to 21420 preds
-------------wrote 21420 to 21440 preds
-------------wrote 21440 to 21460 preds
-------------wrote 21460 to 21480 preds
-------------wrote 21480 to 21500 preds
-------------wrote 21500 to 21520 preds
-------------wrote 21520 to 21540 preds
-------------wrote 21540 to 21560 preds
-------------wrote 21560 to 21580 preds
-------------wrote 21580 to 21600 preds
-------------wrote 21600 to 21620 preds
-------------wrote 21620 to 21640 preds
-------------wrote 21640 to 21660 preds
-------------wrote 21660 to 21680 preds
-------------wrote 21680 to 21700 preds
-------------wrote 21700 to 21720 preds
-------------wrote 21720 to 21740 preds
-------------wrote 21740 to 21760 preds
-------------wrote 21760 to 21780 preds
-------------wrote 21780 to 21800 preds
-------------wrote 21800 to 21820 preds
-------------wrote 21820 to 21840 preds
-------------wrote 21840 to 21860 preds
-------------wrote 21860 to 21880 preds
-------------wrote 21880 to 21900 preds
-------------wrote 21900 to 21920 preds
-------------wrote 21920 to 21940 preds
-------------wrote 21940 to 21960 preds
-------------wrote 21960 to 21980 preds
-------------wrote 21980 to 22000 preds
-------------wrote 22000 to 22020 preds
-------------wrote 22020 to 22040 preds
-------------wrote 22040 to 22060 preds
-------------wrote 22060 to 22080 preds
-------------wrote 22080 to 22100 preds
-------------wrote 22100 to 22120 preds
-------------wrote 22120 to 22140 preds
-------------wrote 22140 to 22160 preds
-------------wrote 22160 to 22180 preds
-------------wrote 22180 to 22200 preds
-------------wrote 22200 to 22220 preds
-------------wrote 22220 to 22240 preds
-------------wrote 22240 to 22260 preds
-------------wrote 22260 to 22280 preds
-------------wrote 22280 to 22300 preds
-------------wrote 22300 to 22320 preds
-------------wrote 22320 to 22340 preds
-------------wrote 22340 to 22360 preds
-------------wrote 22360 to 22380 preds
-------------wrote 22380 to 22400 preds
-------------wrote 22400 to 22420 preds
-------------wrote 22420 to 22440 preds
-------------wrote 22440 to 22460 preds
-------------wrote 22460 to 22480 preds
-------------wrote 22480 to 22500 preds
-------------wrote 22500 to 22520 preds
-------------wrote 22520 to 22540 preds
-------------wrote 22540 to 22560 preds
-------------wrote 22560 to 22580 preds
-------------wrote 22580 to 22600 preds
-------------wrote 22600 to 22620 preds
-------------wrote 22620 to 22640 preds
-------------wrote 22640 to 22660 preds
-------------wrote 22660 to 22680 preds
-------------wrote 22680 to 22700 preds
-------------wrote 22700 to 22720 preds
-------------wrote 22720 to 22740 preds
-------------wrote 22740 to 22760 preds
-------------wrote 22760 to 22780 preds
-------------wrote 22780 to 22800 preds
-------------wrote 22800 to 22820 preds
-------------wrote 22820 to 22840 preds
-------------wrote 22840 to 22860 preds
-------------wrote 22860 to 22880 preds
-------------wrote 22880 to 22900 preds
-------------wrote 22900 to 22920 preds
-------------wrote 22920 to 22940 preds
-------------wrote 22940 to 22960 preds
-------------wrote 22960 to 22980 preds
-------------wrote 22980 to 23000 preds
-------------wrote 23000 to 23020 preds
-------------wrote 23020 to 23040 preds
-------------wrote 23040 to 23060 preds
-------------wrote 23060 to 23080 preds
-------------wrote 23080 to 23100 preds
-------------wrote 23100 to 23120 preds
-------------wrote 23120 to 23140 preds
-------------wrote 23140 to 23160 preds
-------------wrote 23160 to 23180 preds
-------------wrote 23180 to 23200 preds
-------------wrote 23200 to 23220 preds
-------------wrote 23220 to 23240 preds
-------------wrote 23240 to 23260 preds
-------------wrote 23260 to 23280 preds
-------------wrote 23280 to 23300 preds
-------------wrote 23300 to 23320 preds
-------------wrote 23320 to 23340 preds
-------------wrote 23340 to 23360 preds
-------------wrote 23360 to 23380 preds
-------------wrote 23380 to 23400 preds
-------------wrote 23400 to 23420 preds
-------------wrote 23420 to 23440 preds
-------------wrote 23440 to 23460 preds
-------------wrote 23460 to 23480 preds
-------------wrote 23480 to 23500 preds
-------------wrote 23500 to 23520 preds
-------------wrote 23520 to 23540 preds
-------------wrote 23540 to 23560 preds
-------------wrote 23560 to 23580 preds
-------------wrote 23580 to 23600 preds
-------------wrote 23600 to 23620 preds
-------------wrote 23620 to 23640 preds
-------------wrote 23640 to 23660 preds
-------------wrote 23660 to 23680 preds
-------------wrote 23680 to 23700 preds
-------------wrote 23700 to 23720 preds
-------------wrote 23720 to 23740 preds
-------------wrote 23740 to 23760 preds
-------------wrote 23760 to 23780 preds
-------------wrote 23780 to 23800 preds
-------------wrote 23800 to 23820 preds
-------------wrote 23820 to 23840 preds
-------------wrote 23840 to 23860 preds
-------------wrote 23860 to 23880 preds
-------------wrote 23880 to 23900 preds
-------------wrote 23900 to 23920 preds
-------------wrote 23920 to 23940 preds
-------------wrote 23940 to 23960 preds
-------------wrote 23960 to 23980 preds
-------------wrote 23980 to 24000 preds
-------------wrote 24000 to 24020 preds
-------------wrote 24020 to 24040 preds
-------------wrote 24040 to 24060 preds
-------------wrote 24060 to 24080 preds
-------------wrote 24080 to 24100 preds
-------------wrote 24100 to 24120 preds
-------------wrote 24120 to 24140 preds
-------------wrote 24140 to 24160 preds
-------------wrote 24160 to 24180 preds
-------------wrote 24180 to 24200 preds
-------------wrote 24200 to 24220 preds
-------------wrote 24220 to 24240 preds
-------------wrote 24240 to 24260 preds
-------------wrote 24260 to 24280 preds
-------------wrote 24280 to 24300 preds
-------------wrote 24300 to 24320 preds
-------------wrote 24320 to 24340 preds
-------------wrote 24340 to 24360 preds
-------------wrote 24360 to 24380 preds
-------------wrote 24380 to 24400 preds
-------------wrote 24400 to 24420 preds
-------------wrote 24420 to 24440 preds
-------------wrote 24440 to 24460 preds
-------------wrote 24460 to 24480 preds
-------------wrote 24480 to 24500 preds
-------------wrote 24500 to 24520 preds
-------------wrote 24520 to 24540 preds
-------------wrote 24540 to 24560 preds
-------------wrote 24560 to 24580 preds
-------------wrote 24580 to 24600 preds
-------------wrote 24600 to 24620 preds
-------------wrote 24620 to 24640 preds
-------------wrote 24640 to 24660 preds
-------------wrote 24660 to 24680 preds
-------------wrote 24680 to 24700 preds
-------------wrote 24700 to 24720 preds
-------------wrote 24720 to 24740 preds
-------------wrote 24740 to 24760 preds
-------------wrote 24760 to 24780 preds
-------------wrote 24780 to 24800 preds
-------------wrote 24800 to 24820 preds
-------------wrote 24820 to 24840 preds
-------------wrote 24840 to 24860 preds
-------------wrote 24860 to 24880 preds
-------------wrote 24880 to 24900 preds
-------------wrote 24900 to 24920 preds
-------------wrote 24920 to 24940 preds
-------------wrote 24940 to 24960 preds
-------------wrote 24960 to 24980 preds
-------------wrote 24980 to 25000 preds
-------------wrote 25000 to 25020 preds
-------------wrote 25020 to 25040 preds
-------------wrote 25040 to 25060 preds
-------------wrote 25060 to 25080 preds
-------------wrote 25080 to 25100 preds
-------------wrote 25100 to 25120 preds
-------------wrote 25120 to 25140 preds
-------------wrote 25140 to 25160 preds
-------------wrote 25160 to 25180 preds
-------------wrote 25180 to 25200 preds
-------------wrote 25200 to 25220 preds
-------------wrote 25220 to 25240 preds
-------------wrote 25240 to 25260 preds
-------------wrote 25260 to 25280 preds
-------------wrote 25280 to 25300 preds
-------------wrote 25300 to 25320 preds
-------------wrote 25320 to 25340 preds
-------------wrote 25340 to 25360 preds
-------------wrote 25360 to 25380 preds
-------------wrote 25380 to 25400 preds
-------------wrote 25400 to 25420 preds
-------------wrote 25420 to 25440 preds
-------------wrote 25440 to 25460 preds
-------------wrote 25460 to 25480 preds
-------------wrote 25480 to 25500 preds
-------------wrote 25500 to 25520 preds
-------------wrote 25520 to 25540 preds
-------------wrote 25540 to 25560 preds
-------------wrote 25560 to 25580 preds
-------------wrote 25580 to 25600 preds
-------------wrote 25600 to 25620 preds
-------------wrote 25620 to 25640 preds
-------------wrote 25640 to 25660 preds
-------------wrote 25660 to 25680 preds
-------------wrote 25680 to 25700 preds
-------------wrote 25700 to 25720 preds
-------------wrote 25720 to 25740 preds
-------------wrote 25740 to 25760 preds
-------------wrote 25760 to 25780 preds
-------------wrote 25780 to 25800 preds
-------------wrote 25800 to 25820 preds
-------------wrote 25820 to 25840 preds
-------------wrote 25840 to 25860 preds
-------------wrote 25860 to 25880 preds
-------------wrote 25880 to 25900 preds
-------------wrote 25900 to 25920 preds
-------------wrote 25920 to 25940 preds
-------------wrote 25940 to 25960 preds
-------------wrote 25960 to 25980 preds
-------------wrote 25980 to 26000 preds
-------------wrote 26000 to 26020 preds
-------------wrote 26020 to 26040 preds
-------------wrote 26040 to 26060 preds
-------------wrote 26060 to 26080 preds
-------------wrote 26080 to 26100 preds
-------------wrote 26100 to 26120 preds
-------------wrote 26120 to 26140 preds
-------------wrote 26140 to 26160 preds
-------------wrote 26160 to 26180 preds
-------------wrote 26180 to 26200 preds
-------------wrote 26200 to 26220 preds
-------------wrote 26220 to 26240 preds
-------------wrote 26240 to 26260 preds
-------------wrote 26260 to 26280 preds
-------------wrote 26280 to 26300 preds
-------------wrote 26300 to 26320 preds
-------------wrote 26320 to 26340 preds
-------------wrote 26340 to 26360 preds
-------------wrote 26360 to 26380 preds
-------------wrote 26380 to 26400 preds
-------------wrote 26400 to 26420 preds
-------------wrote 26420 to 26440 preds
-------------wrote 26440 to 26460 preds
-------------wrote 26460 to 26480 preds
-------------wrote 26480 to 26500 preds
-------------wrote 26500 to 26520 preds
-------------wrote 26520 to 26540 preds
-------------wrote 26540 to 26560 preds
-------------wrote 26560 to 26580 preds
-------------wrote 26580 to 26600 preds
-------------wrote 26600 to 26620 preds
-------------wrote 26620 to 26640 preds
-------------wrote 26640 to 26660 preds
-------------wrote 26660 to 26680 preds
-------------wrote 26680 to 26700 preds
-------------wrote 26700 to 26720 preds
-------------wrote 26720 to 26740 preds
-------------wrote 26740 to 26760 preds
-------------wrote 26760 to 26780 preds
-------------wrote 26780 to 26800 preds
-------------wrote 26800 to 26820 preds
-------------wrote 26820 to 26840 preds
-------------wrote 26840 to 26860 preds
-------------wrote 26860 to 26880 preds
-------------wrote 26880 to 26900 preds
-------------wrote 26900 to 26920 preds
-------------wrote 26920 to 26940 preds
-------------wrote 26940 to 26960 preds
-------------wrote 26960 to 26980 preds
-------------wrote 26980 to 27000 preds
-------------wrote 27000 to 27020 preds
-------------wrote 27020 to 27040 preds
-------------wrote 27040 to 27060 preds
-------------wrote 27060 to 27080 preds
-------------wrote 27080 to 27100 preds
-------------wrote 27100 to 27120 preds
-------------wrote 27120 to 27140 preds
-------------wrote 27140 to 27160 preds
-------------wrote 27160 to 27180 preds
-------------wrote 27180 to 27200 preds
-------------wrote 27200 to 27220 preds
-------------wrote 27220 to 27240 preds
-------------wrote 27240 to 27260 preds
-------------wrote 27260 to 27280 preds
-------------wrote 27280 to 27300 preds
-------------wrote 27300 to 27320 preds
-------------wrote 27320 to 27340 preds
-------------wrote 27340 to 27360 preds
-------------wrote 27360 to 27380 preds
-------------wrote 27380 to 27400 preds
-------------wrote 27400 to 27420 preds
-------------wrote 27420 to 27440 preds
-------------wrote 27440 to 27460 preds
-------------wrote 27460 to 27480 preds
-------------wrote 27480 to 27500 preds
-------------wrote 27500 to 27520 preds
-------------wrote 27520 to 27540 preds
-------------wrote 27540 to 27560 preds
-------------wrote 27560 to 27580 preds
-------------wrote 27580 to 27600 preds
-------------wrote 27600 to 27620 preds
-------------wrote 27620 to 27640 preds
-------------wrote 27640 to 27660 preds
-------------wrote 27660 to 27680 preds
-------------wrote 27680 to 27700 preds
-------------wrote 27700 to 27720 preds
-------------wrote 27720 to 27740 preds
-------------wrote 27740 to 27760 preds
-------------wrote 27760 to 27780 preds
-------------wrote 27780 to 27800 preds
-------------wrote 27800 to 27820 preds
-------------wrote 27820 to 27840 preds
-------------wrote 27840 to 27860 preds
-------------wrote 27860 to 27880 preds
-------------wrote 27880 to 27900 preds
-------------wrote 27900 to 27920 preds
-------------wrote 27920 to 27940 preds
-------------wrote 27940 to 27960 preds
-------------wrote 27960 to 27980 preds
-------------wrote 27980 to 28000 preds
-------------wrote 28000 to 28020 preds
-------------wrote 28020 to 28040 preds
-------------wrote 28040 to 28060 preds
-------------wrote 28060 to 28080 preds
-------------wrote 28080 to 28100 preds
-------------wrote 28100 to 28120 preds
-------------wrote 28120 to 28140 preds
-------------wrote 28140 to 28160 preds
-------------wrote 28160 to 28180 preds
-------------wrote 28180 to 28200 preds
-------------wrote 28200 to 28220 preds
-------------wrote 28220 to 28240 preds
-------------wrote 28240 to 28260 preds
-------------wrote 28260 to 28280 preds
-------------wrote 28280 to 28300 preds
-------------wrote 28300 to 28320 preds
-------------wrote 28320 to 28340 preds
-------------wrote 28340 to 28360 preds
-------------wrote 28360 to 28380 preds
-------------wrote 28380 to 28400 preds
-------------wrote 28400 to 28420 preds
-------------wrote 28420 to 28440 preds
-------------wrote 28440 to 28460 preds
-------------wrote 28460 to 28480 preds
-------------wrote 28480 to 28500 preds
-------------wrote 28500 to 28520 preds
-------------wrote 28520 to 28540 preds
-------------wrote 28540 to 28560 preds
Traceback (most recent call last):
  File "/home/u131168/mh_one_api/model/p_flant5_base.py", line 41, in <module>
    print(f"-------------wrote {i} to {i+20} preds")
  File "/opt/miniconda/lib/python3.10/site-packages/transformers/tokenization_utils_base.py", line 2602, in __call__
    encodings = self._call_one(text=text, text_pair=text_pair, **all_kwargs)
  File "/opt/miniconda/lib/python3.10/site-packages/transformers/tokenization_utils_base.py", line 2688, in _call_one
    return self.batch_encode_plus(
  File "/opt/miniconda/lib/python3.10/site-packages/transformers/tokenization_utils_base.py", line 2879, in batch_encode_plus
    return self._batch_encode_plus(
  File "/opt/miniconda/lib/python3.10/site-packages/transformers/tokenization_utils_fast.py", line 485, in _batch_encode_plus
    for key in tokens_and_encodings[0][0].keys():
IndexError: list index out of range
finished precition
