starting fine tuning model
Requirement already satisfied: datasets in /home/u131168/.local/lib/python3.10/site-packages (from -r requirements.txt (line 1)) (2.14.5)
Requirement already satisfied: torch in /home/u131168/.local/lib/python3.10/site-packages (from -r requirements.txt (line 2)) (2.0.1)
Collecting transformers>=4.32.0
  Using cached transformers-4.33.2-py3-none-any.whl (7.6 MB)
Collecting sentencepiece
  Using cached sentencepiece-0.1.99-cp310-cp310-manylinux_2_17_x86_64.manylinux2014_x86_64.whl (1.3 MB)
Requirement already satisfied: peft in /home/u131168/.local/lib/python3.10/site-packages (from -r requirements.txt (line 5)) (0.5.0)
Collecting evaluate
  Using cached evaluate-0.4.0-py3-none-any.whl (81 kB)
Collecting nltk
  Using cached nltk-3.8.1-py3-none-any.whl (1.5 MB)
Collecting rouge_score
  Using cached rouge_score-0.1.2-py3-none-any.whl
Collecting einops
  Using cached einops-0.6.1-py3-none-any.whl (42 kB)
Requirement already satisfied: pyyaml>=5.1 in /home/u131168/.local/lib/python3.10/site-packages (from datasets->-r requirements.txt (line 1)) (6.0.1)
Requirement already satisfied: packaging in /opt/miniconda/lib/python3.10/site-packages (from datasets->-r requirements.txt (line 1)) (23.0)
Requirement already satisfied: pyarrow>=8.0.0 in /home/u131168/.local/lib/python3.10/site-packages (from datasets->-r requirements.txt (line 1)) (13.0.0)
Requirement already satisfied: dill<0.3.8,>=0.3.0 in /home/u131168/.local/lib/python3.10/site-packages (from datasets->-r requirements.txt (line 1)) (0.3.7)
Requirement already satisfied: requests>=2.19.0 in /opt/miniconda/lib/python3.10/site-packages (from datasets->-r requirements.txt (line 1)) (2.28.1)
Requirement already satisfied: multiprocess in /home/u131168/.local/lib/python3.10/site-packages (from datasets->-r requirements.txt (line 1)) (0.70.15)
Collecting huggingface-hub<1.0.0,>=0.14.0
  Using cached huggingface_hub-0.17.2-py3-none-any.whl (294 kB)
Requirement already satisfied: tqdm>=4.62.1 in /opt/miniconda/lib/python3.10/site-packages (from datasets->-r requirements.txt (line 1)) (4.65.0)
Requirement already satisfied: aiohttp in /home/u131168/.local/lib/python3.10/site-packages (from datasets->-r requirements.txt (line 1)) (3.8.5)
Requirement already satisfied: fsspec[http]<2023.9.0,>=2023.1.0 in /home/u131168/.local/lib/python3.10/site-packages (from datasets->-r requirements.txt (line 1)) (2023.6.0)
Requirement already satisfied: xxhash in /home/u131168/.local/lib/python3.10/site-packages (from datasets->-r requirements.txt (line 1)) (3.3.0)
Requirement already satisfied: numpy>=1.17 in /home/u131168/.local/lib/python3.10/site-packages (from datasets->-r requirements.txt (line 1)) (1.26.0)
Requirement already satisfied: pandas in /home/u131168/.local/lib/python3.10/site-packages (from datasets->-r requirements.txt (line 1)) (2.1.0)
Requirement already satisfied: nvidia-cuda-cupti-cu11==11.7.101 in /home/u131168/.local/lib/python3.10/site-packages (from torch->-r requirements.txt (line 2)) (11.7.101)
Requirement already satisfied: nvidia-nccl-cu11==2.14.3 in /home/u131168/.local/lib/python3.10/site-packages (from torch->-r requirements.txt (line 2)) (2.14.3)
Requirement already satisfied: nvidia-nvtx-cu11==11.7.91 in /home/u131168/.local/lib/python3.10/site-packages (from torch->-r requirements.txt (line 2)) (11.7.91)
Requirement already satisfied: networkx in /home/u131168/.local/lib/python3.10/site-packages (from torch->-r requirements.txt (line 2)) (3.1)
Requirement already satisfied: sympy in /home/u131168/.local/lib/python3.10/site-packages (from torch->-r requirements.txt (line 2)) (1.12)
Requirement already satisfied: nvidia-curand-cu11==10.2.10.91 in /home/u131168/.local/lib/python3.10/site-packages (from torch->-r requirements.txt (line 2)) (10.2.10.91)
Requirement already satisfied: triton==2.0.0 in /home/u131168/.local/lib/python3.10/site-packages (from torch->-r requirements.txt (line 2)) (2.0.0)
Requirement already satisfied: nvidia-cuda-runtime-cu11==11.7.99 in /home/u131168/.local/lib/python3.10/site-packages (from torch->-r requirements.txt (line 2)) (11.7.99)
Requirement already satisfied: nvidia-cusolver-cu11==11.4.0.1 in /home/u131168/.local/lib/python3.10/site-packages (from torch->-r requirements.txt (line 2)) (11.4.0.1)
Requirement already satisfied: nvidia-cudnn-cu11==8.5.0.96 in /home/u131168/.local/lib/python3.10/site-packages (from torch->-r requirements.txt (line 2)) (8.5.0.96)
Requirement already satisfied: typing-extensions in /home/u131168/.local/lib/python3.10/site-packages (from torch->-r requirements.txt (line 2)) (4.8.0)
Requirement already satisfied: jinja2 in /home/u131168/.local/lib/python3.10/site-packages (from torch->-r requirements.txt (line 2)) (3.1.2)
Requirement already satisfied: nvidia-cublas-cu11==11.10.3.66 in /home/u131168/.local/lib/python3.10/site-packages (from torch->-r requirements.txt (line 2)) (11.10.3.66)
Requirement already satisfied: nvidia-cuda-nvrtc-cu11==11.7.99 in /home/u131168/.local/lib/python3.10/site-packages (from torch->-r requirements.txt (line 2)) (11.7.99)
Requirement already satisfied: filelock in /home/u131168/.local/lib/python3.10/site-packages (from torch->-r requirements.txt (line 2)) (3.12.4)
Requirement already satisfied: nvidia-cufft-cu11==10.9.0.58 in /home/u131168/.local/lib/python3.10/site-packages (from torch->-r requirements.txt (line 2)) (10.9.0.58)
Requirement already satisfied: nvidia-cusparse-cu11==11.7.4.91 in /home/u131168/.local/lib/python3.10/site-packages (from torch->-r requirements.txt (line 2)) (11.7.4.91)
Requirement already satisfied: wheel in /opt/miniconda/lib/python3.10/site-packages (from nvidia-cublas-cu11==11.10.3.66->torch->-r requirements.txt (line 2)) (0.38.4)
Requirement already satisfied: setuptools in /opt/miniconda/lib/python3.10/site-packages (from nvidia-cublas-cu11==11.10.3.66->torch->-r requirements.txt (line 2)) (65.6.3)
Requirement already satisfied: cmake in /home/u131168/.local/lib/python3.10/site-packages (from triton==2.0.0->torch->-r requirements.txt (line 2)) (3.27.5)
Requirement already satisfied: lit in /home/u131168/.local/lib/python3.10/site-packages (from triton==2.0.0->torch->-r requirements.txt (line 2)) (16.0.6)
Requirement already satisfied: regex!=2019.12.17 in /home/u131168/.local/lib/python3.10/site-packages (from transformers>=4.32.0->-r requirements.txt (line 3)) (2023.8.8)
Requirement already satisfied: safetensors>=0.3.1 in /home/u131168/.local/lib/python3.10/site-packages (from transformers>=4.32.0->-r requirements.txt (line 3)) (0.3.3)
Collecting tokenizers!=0.11.3,<0.14,>=0.11.1
  Using cached tokenizers-0.13.3-cp310-cp310-manylinux_2_17_x86_64.manylinux2014_x86_64.whl (7.8 MB)
Requirement already satisfied: accelerate in /home/u131168/.local/lib/python3.10/site-packages (from peft->-r requirements.txt (line 5)) (0.23.0)
Requirement already satisfied: psutil in /home/u131168/.local/lib/python3.10/site-packages (from peft->-r requirements.txt (line 5)) (5.9.5)
Collecting responses<0.19
  Using cached responses-0.18.0-py3-none-any.whl (38 kB)
Collecting joblib
  Using cached joblib-1.3.2-py3-none-any.whl (302 kB)
Collecting click
  Using cached click-8.1.7-py3-none-any.whl (97 kB)
Requirement already satisfied: six>=1.14.0 in /opt/miniconda/lib/python3.10/site-packages (from rouge_score->-r requirements.txt (line 8)) (1.16.0)
Collecting absl-py
  Using cached absl_py-2.0.0-py3-none-any.whl (130 kB)
Requirement already satisfied: charset-normalizer<4.0,>=2.0 in /opt/miniconda/lib/python3.10/site-packages (from aiohttp->datasets->-r requirements.txt (line 1)) (2.0.4)
Requirement already satisfied: yarl<2.0,>=1.0 in /home/u131168/.local/lib/python3.10/site-packages (from aiohttp->datasets->-r requirements.txt (line 1)) (1.9.2)
Requirement already satisfied: multidict<7.0,>=4.5 in /home/u131168/.local/lib/python3.10/site-packages (from aiohttp->datasets->-r requirements.txt (line 1)) (6.0.4)
Requirement already satisfied: attrs>=17.3.0 in /home/u131168/.local/lib/python3.10/site-packages (from aiohttp->datasets->-r requirements.txt (line 1)) (23.1.0)
Requirement already satisfied: aiosignal>=1.1.2 in /home/u131168/.local/lib/python3.10/site-packages (from aiohttp->datasets->-r requirements.txt (line 1)) (1.3.1)
Requirement already satisfied: frozenlist>=1.1.1 in /home/u131168/.local/lib/python3.10/site-packages (from aiohttp->datasets->-r requirements.txt (line 1)) (1.4.0)
Requirement already satisfied: async-timeout<5.0,>=4.0.0a3 in /home/u131168/.local/lib/python3.10/site-packages (from aiohttp->datasets->-r requirements.txt (line 1)) (4.0.3)
Requirement already satisfied: idna<4,>=2.5 in /opt/miniconda/lib/python3.10/site-packages (from requests>=2.19.0->datasets->-r requirements.txt (line 1)) (3.4)
Requirement already satisfied: urllib3<1.27,>=1.21.1 in /opt/miniconda/lib/python3.10/site-packages (from requests>=2.19.0->datasets->-r requirements.txt (line 1)) (1.26.15)
Requirement already satisfied: certifi>=2017.4.17 in /opt/miniconda/lib/python3.10/site-packages (from requests>=2.19.0->datasets->-r requirements.txt (line 1)) (2023.5.7)
Requirement already satisfied: MarkupSafe>=2.0 in /home/u131168/.local/lib/python3.10/site-packages (from jinja2->torch->-r requirements.txt (line 2)) (2.1.3)
Requirement already satisfied: python-dateutil>=2.8.2 in /home/u131168/.local/lib/python3.10/site-packages (from pandas->datasets->-r requirements.txt (line 1)) (2.8.2)
Requirement already satisfied: pytz>=2020.1 in /home/u131168/.local/lib/python3.10/site-packages (from pandas->datasets->-r requirements.txt (line 1)) (2023.3.post1)
Requirement already satisfied: tzdata>=2022.1 in /home/u131168/.local/lib/python3.10/site-packages (from pandas->datasets->-r requirements.txt (line 1)) (2023.3)
Requirement already satisfied: mpmath>=0.19 in /home/u131168/.local/lib/python3.10/site-packages (from sympy->torch->-r requirements.txt (line 2)) (1.3.0)
Installing collected packages: tokenizers, sentencepiece, joblib, einops, click, absl-py, responses, nltk, huggingface-hub, transformers, rouge_score, evaluate
slurmstepd-idc-beta-batch-pvc-node-19: error: *** JOB 21570 ON idc-beta-batch-pvc-node-19 CANCELLED AT 2023-09-24T23:28:07 ***
