got current job name=fti2
new job name=fti3
new job created with id: 31324
----------checking if gpu available on current job-----------------
no change     /opt/intel/oneapi/intelpython/latest/condabin/conda
no change     /opt/intel/oneapi/intelpython/latest/bin/conda
no change     /opt/intel/oneapi/intelpython/latest/bin/conda-env
no change     /opt/intel/oneapi/intelpython/latest/bin/activate
no change     /opt/intel/oneapi/intelpython/latest/bin/deactivate
no change     /opt/intel/oneapi/intelpython/latest/etc/profile.d/conda.sh
no change     /opt/intel/oneapi/intelpython/latest/etc/fish/conf.d/conda.fish
no change     /opt/intel/oneapi/intelpython/latest/shell/condabin/Conda.psm1
no change     /opt/intel/oneapi/intelpython/latest/shell/condabin/conda-hook.ps1
no change     /opt/intel/oneapi/intelpython/latest/lib/python3.9/site-packages/xontrib/conda.xsh
no change     /opt/intel/oneapi/intelpython/latest/etc/profile.d/conda.csh
no change     /opt/intel/oneapi/intelpython/latest/etc/profile.d/conda.ksh
modified      /home/u131168/.bashrc

==> For changes to take effect, close and re-open your current shell. <==

-------------------------------------------
users render freetier premium
 
:: initializing oneAPI environment ...
   slurm_script: BASH_VERSION = 5.1.16(1)-release
   args: Using "$@" for setvars.sh arguments: --force
:: advisor -- latest
:: ccl -- latest
:: compiler -- latest
:: dal -- latest
:: debugger -- latest
:: dev-utilities -- latest
:: dnnl -- latest
:: dpcpp-ct -- latest
:: dpl -- latest
:: embree -- latest
:: inspector -- latest
:: intelpython -- latest

CommandNotFoundError: Your shell has not been properly configured to use 'conda deactivate'.
To initialize your shell, run

    $ conda init <SHELL_NAME>

Currently supported shells are:
  - bash
  - fish
  - tcsh
  - xonsh
  - zsh
  - powershell

See 'conda init --help' for more information and options.

IMPORTANT: You may need to close and restart your shell after running 'conda init'.



CommandNotFoundError: Your shell has not been properly configured to use 'conda deactivate'.
To initialize your shell, run

    $ conda init <SHELL_NAME>

Currently supported shells are:
  - bash
  - fish
  - tcsh
  - xonsh
  - zsh
  - powershell

See 'conda init --help' for more information and options.

IMPORTANT: You may need to close and restart your shell after running 'conda init'.


:: ipp -- latest
:: ippcp -- latest
:: ispc -- latest
:: itac -- latest
:: mkl -- latest
:: modelzoo -- latest
:: modin -- latest
:: mpi -- latest
:: neural-compressor -- latest
:: oidn -- latest
:: openpgl -- latest
:: openvkl -- latest
:: ospray -- latest
:: ospray_studio -- latest
:: pytorch -- latest
:: rkcommon -- latest
